0 info it worked if it ends with ok
1 verbose cli [ '/home/edward/.nvm/versions/node/v5.0.0/bin/node',
1 verbose cli   '/home/edward/.nvm/versions/node/v5.0.0/bin/npm',
1 verbose cli   'start' ]
2 info using npm@3.3.6
3 info using node@v5.0.0
4 verbose run-script [ 'prestart', 'start', 'poststart' ]
5 info lifecycle unlimited@1.0.0~prestart: unlimited@1.0.0
6 silly lifecycle unlimited@1.0.0~prestart: no script for prestart, continuing
7 info lifecycle unlimited@1.0.0~start: unlimited@1.0.0
8 verbose lifecycle unlimited@1.0.0~start: unsafe-perm in lifecycle true
9 verbose lifecycle unlimited@1.0.0~start: PATH: /home/edward/.nvm/versions/node/v5.0.0/lib/node_modules/npm/bin/node-gyp-bin:/home/edward/Documents/projects/unlimited/node_modules/.bin:/home/edward/.rvm/gems/ruby-2.2.3/bin:/home/edward/.rvm/gems/ruby-2.2.3@global/bin:/home/edward/.rvm/rubies/ruby-2.2.3/bin:/home/edward/.nvm/versions/node/v5.0.0/bin:/usr/local/sbin:/usr/local/bin:/usr/sbin:/usr/bin:/sbin:/bin:/usr/games:/usr/local/games:/home/edward/.rvm/bin:/home/edward/Android/Sdk/platform-tools:/home/edward/edward/Android/Sdk/tools:/usr/local/netbeans-8.1/bin
10 verbose lifecycle unlimited@1.0.0~start: CWD: /home/edward/Documents/projects/unlimited
11 silly lifecycle unlimited@1.0.0~start: Args: [ '-c', 'node Server/app.js' ]
12 silly lifecycle unlimited@1.0.0~start: Returned: code: 1  signal: null
13 info lifecycle unlimited@1.0.0~start: Failed to exec start script
14 verbose stack Error: unlimited@1.0.0 start: `node Server/app.js`
14 verbose stack Exit status 1
14 verbose stack     at EventEmitter.<anonymous> (/home/edward/.nvm/versions/node/v5.0.0/lib/node_modules/npm/lib/utils/lifecycle.js:233:16)
14 verbose stack     at emitTwo (events.js:87:13)
14 verbose stack     at EventEmitter.emit (events.js:172:7)
14 verbose stack     at ChildProcess.<anonymous> (/home/edward/.nvm/versions/node/v5.0.0/lib/node_modules/npm/lib/utils/spawn.js:24:14)
14 verbose stack     at emitTwo (events.js:87:13)
14 verbose stack     at ChildProcess.emit (events.js:172:7)
14 verbose stack     at maybeClose (internal/child_process.js:818:16)
14 verbose stack     at Process.ChildProcess._handle.onexit (internal/child_process.js:211:5)
15 verbose pkgid unlimited@1.0.0
16 verbose cwd /home/edward/Documents/projects/unlimited
17 error Linux 3.13.0-37-generic
18 error argv "/home/edward/.nvm/versions/node/v5.0.0/bin/node" "/home/edward/.nvm/versions/node/v5.0.0/bin/npm" "start"
19 error node v5.0.0
20 error npm  v3.3.6
21 error code ELIFECYCLE
22 error unlimited@1.0.0 start: `node Server/app.js`
22 error Exit status 1
23 error Failed at the unlimited@1.0.0 start script 'node Server/app.js'.
23 error This is most likely a problem with the unlimited package,
23 error not with npm itself.
23 error Tell the author that this fails on your system:
23 error     node Server/app.js
23 error You can get their info via:
23 error     npm owner ls unlimited
23 error There is likely additional logging output above.
24 verbose exit [ 1, true ]
